Language set to en
Starting new HTTPS connection (1): raw.githubusercontent.com:443
message: 
original: Language changed to: {lang}
translated: Language changed to: {lang}
message: 
original: Hello World!
translated: Hello World!
message: 
original: Change language
translated: Change language
message: 
original: Help
translated: Help
message: 
original: Check for updates
translated: Check for updates
message: 
original: Update app
translated: Update app
https://raw.githubusercontent.com:443 "GET /ShvedovLesha93/python-desktop-distribution/refs/heads/main/version.json HTTP/1.1" 200 81
message: 
original: Update available: {current} → {latest}
translated: Update available: {current} → {latest}
